AH00558: apache2: Could not reliably determine the server's fully qualified domain name, using 172.18.0.5. Set the 'ServerName' directive globally to suppress this message
[Thu May 06 04:28:41.989941 2021] [mpm_prefork:notice] [pid 1] AH00163: Apache/2.4.38 (Debian) PHP/7.4.2 configured -- resuming normal operations
[Thu May 06 04:28:41.990733 2021] [core:notice] [pid 1] AH00094: Command line: 'apache2 -D FOREGROUND'
AH00112: Warning: DocumentRoot [/Users/ryujitakimoto/Sites] does not exist
AH00558: apache2: Could not reliably determine the server's fully qualified domain name, using 172.18.0.3. Set the 'ServerName' directive globally to suppress this message
[Thu May 06 05:01:46.865569 2021] [mpm_prefork:notice] [pid 1] AH00163: Apache/2.4.38 (Debian) PHP/7.4.2 configured -- resuming normal operations
[Thu May 06 05:01:46.866270 2021] [core:notice] [pid 1] AH00094: Command line: 'apache2 -D FOREGROUND'
[Thu May 06 05:03:58.062025 2021] [authz_core:error] [pid 17] [client 172.18.0.1:64108] AH01630: client denied by server configuration: /Users
[Thu May 06 05:04:06.840646 2021] [authz_core:error] [pid 18] [client 172.18.0.1:64112] AH01630: client denied by server configuration: /Users
[Thu May 06 05:04:07.395328 2021] [authz_core:error] [pid 18] [client 172.18.0.1:64112] AH01630: client denied by server configuration: /Users, referer: http://test.local/
[Thu May 06 05:05:05.286206 2021] [authz_core:error] [pid 19] [client 172.18.0.1:64116] AH01630: client denied by server configuration: /Users
[Thu May 06 05:05:05.751495 2021] [authz_core:error] [pid 19] [client 172.18.0.1:64116] AH01630: client denied by server configuration: /Users, referer: http://test.local/
[Thu May 06 05:07:18.376036 2021] [mpm_prefork:notice] [pid 1] AH00170: caught SIGWINCH, shutting down gracefully
AH00112: Warning: DocumentRoot [/Users/ryujitakimoto/Sites] does not exist
AH00558: apache2: Could not reliably determine the server's fully qualified domain name, using 172.18.0.3. Set the 'ServerName' directive globally to suppress this message
[Thu May 06 05:07:25.729920 2021] [mpm_prefork:notice] [pid 1] AH00163: Apache/2.4.38 (Debian) PHP/7.4.2 configured -- resuming normal operations
[Thu May 06 05:07:25.731091 2021] [core:notice] [pid 1] AH00094: Command line: 'apache2 -D FOREGROUND'
[Thu May 06 05:07:40.766608 2021] [authz_core:error] [pid 19] [client 172.18.0.1:64126] AH01630: client denied by server configuration: /Users
[Thu May 06 05:07:41.219606 2021] [authz_core:error] [pid 19] [client 172.18.0.1:64126] AH01630: client denied by server configuration: /Users, referer: http://test.local/
[Thu May 06 05:11:35.167815 2021] [mpm_prefork:notice] [pid 1] AH00170: caught SIGWINCH, shutting down gracefully
AH00558: apache2: Could not reliably determine the server's fully qualified domain name, using 172.18.0.3. Set the 'ServerName' directive globally to suppress this message
[Thu May 06 05:11:42.533782 2021] [mpm_prefork:notice] [pid 1] AH00163: Apache/2.4.38 (Debian) PHP/7.4.2 configured -- resuming normal operations
[Thu May 06 05:11:42.534328 2021] [core:notice] [pid 1] AH00094: Command line: 'apache2 -D FOREGROUND'
[Thu May 06 05:29:03.363601 2021] [mpm_prefork:notice] [pid 1] AH00170: caught SIGWINCH, shutting down gracefully
AH00112: Warning: DocumentRoot [/Users/ryujitakimoto/Sites] does not exist
AH00558: apache2: Could not reliably determine the server's fully qualified domain name, using 172.18.0.3. Set the 'ServerName' directive globally to suppress this message
[Thu May 06 05:29:10.727241 2021] [mpm_prefork:notice] [pid 1] AH00163: Apache/2.4.38 (Debian) PHP/7.4.2 configured -- resuming normal operations
[Thu May 06 05:29:10.727862 2021] [core:notice] [pid 1] AH00094: Command line: 'apache2 -D FOREGROUND'
[Thu May 06 05:29:23.106289 2021] [mpm_prefork:notice] [pid 1] AH00170: caught SIGWINCH, shutting down gracefully
AH00112: Warning: DocumentRoot [/Users/ryujitakimoto/Sites] does not exist
AH00558: apache2: Could not reliably determine the server's fully qualified domain name, using 172.18.0.3. Set the 'ServerName' directive globally to suppress this message
[Thu May 06 05:29:30.529216 2021] [mpm_prefork:notice] [pid 1] AH00163: Apache/2.4.38 (Debian) PHP/7.4.2 configured -- resuming normal operations
[Thu May 06 05:29:30.529818 2021] [core:notice] [pid 1] AH00094: Command line: 'apache2 -D FOREGROUND'
[Thu May 06 05:29:40.429981 2021] [authz_core:error] [pid 18] [client 172.18.0.1:64158] AH01630: client denied by server configuration: /Users
[Thu May 06 05:29:40.868541 2021] [authz_core:error] [pid 18] [client 172.18.0.1:64158] AH01630: client denied by server configuration: /Users, referer: http://test.local/
[Thu May 06 05:30:57.599672 2021] [mpm_prefork:notice] [pid 1] AH00170: caught SIGWINCH, shutting down gracefully
AH00112: Warning: DocumentRoot [/etc/apache2/~/Sites] does not exist
AH00558: apache2: Could not reliably determine the server's fully qualified domain name, using 172.18.0.3. Set the 'ServerName' directive globally to suppress this message
[Thu May 06 05:31:04.912459 2021] [mpm_prefork:notice] [pid 1] AH00163: Apache/2.4.38 (Debian) PHP/7.4.2 configured -- resuming normal operations
[Thu May 06 05:31:04.913106 2021] [core:notice] [pid 1] AH00094: Command line: 'apache2 -D FOREGROUND'
[Thu May 06 05:31:10.587782 2021] [authz_core:error] [pid 18] [client 172.18.0.1:64178] AH01630: client denied by server configuration: /etc/apache2/~
[Thu May 06 05:31:11.014673 2021] [authz_core:error] [pid 18] [client 172.18.0.1:64178] AH01630: client denied by server configuration: /etc/apache2/~, referer: http://test.local/
[Thu May 06 05:53:03.478551 2021] [mpm_prefork:notice] [pid 1] AH00170: caught SIGWINCH, shutting down gracefully
AH00558: apache2: Could not reliably determine the server's fully qualified domain name, using 172.18.0.3. Set the 'ServerName' directive globally to suppress this message
[Thu May 06 05:53:10.801350 2021] [mpm_prefork:notice] [pid 1] AH00163: Apache/2.4.38 (Debian) PHP/7.4.2 configured -- resuming normal operations
[Thu May 06 05:53:10.802069 2021] [core:notice] [pid 1] AH00094: Command line: 'apache2 -D FOREGROUND'
[Fri May 07 05:21:48.656072 2021] [mpm_prefork:notice] [pid 1] AH00170: caught SIGWINCH, shutting down gracefully
AH00558: apache2: Could not reliably determine the server's fully qualified domain name, using 172.18.0.3. Set the 'ServerName' directive globally to suppress this message
[Fri May 07 05:22:08.965247 2021] [mpm_prefork:notice] [pid 1] AH00163: Apache/2.4.38 (Debian) PHP/7.4.2 configured -- resuming normal operations
[Fri May 07 05:22:08.983935 2021] [core:notice] [pid 1] AH00094: Command line: 'apache2 -D FOREGROUND'
AH00558: apache2: Could not reliably determine the server's fully qualified domain name, using 172.18.0.3. Set the 'ServerName' directive globally to suppress this message
[Mon May 10 06:40:32.813157 2021] [mpm_prefork:notice] [pid 1] AH00163: Apache/2.4.38 (Debian) PHP/7.4.2 configured -- resuming normal operations
[Mon May 10 06:40:32.813781 2021] [core:notice] [pid 1] AH00094: Command line: 'apache2 -D FOREGROUND'
AH00558: apache2: Could not reliably determine the server's fully qualified domain name, using 172.18.0.3. Set the 'ServerName' directive globally to suppress this message
[Tue May 11 23:48:23.063219 2021] [mpm_prefork:notice] [pid 1] AH00163: Apache/2.4.38 (Debian) PHP/7.4.2 configured -- resuming normal operations
[Tue May 11 23:48:23.084870 2021] [core:notice] [pid 1] AH00094: Command line: 'apache2 -D FOREGROUND'
[Wed May 12 05:02:02.861051 2021] [autoindex:error] [pid 24] [client 172.18.0.1:59516] AH01276: Cannot serve directory /var/www/html/app/03/: No matching DirectoryIndex (index.php,index.html) found, and server-generated directory index forbidden by Options directive
[Wed May 12 05:02:07.060165 2021] [autoindex:error] [pid 24] [client 172.18.0.1:59516] AH01276: Cannot serve directory /var/www/html/app/03/: No matching DirectoryIndex (index.php,index.html) found, and server-generated directory index forbidden by Options directive
[Wed May 12 05:02:14.679152 2021] [autoindex:error] [pid 18] [client 172.18.0.1:59522] AH01276: Cannot serve directory /var/www/html/app/: No matching DirectoryIndex (index.php,index.html) found, and server-generated directory index forbidden by Options directive
[Wed May 12 05:02:15.541036 2021] [autoindex:error] [pid 18] [client 172.18.0.1:59522] AH01276: Cannot serve directory /var/www/html/app/: No matching DirectoryIndex (index.php,index.html) found, and server-generated directory index forbidden by Options directive
[Wed May 12 05:02:15.721264 2021] [autoindex:error] [pid 18] [client 172.18.0.1:59522] AH01276: Cannot serve directory /var/www/html/app/: No matching DirectoryIndex (index.php,index.html) found, and server-generated directory index forbidden by Options directive
[Wed May 12 05:02:39.294139 2021] [mpm_prefork:notice] [pid 1] AH00170: caught SIGWINCH, shutting down gracefully
AH00558: apache2: Could not reliably determine the server's fully qualified domain name, using 172.18.0.3. Set the 'ServerName' directive globally to suppress this message
[Wed May 12 05:02:50.534664 2021] [mpm_prefork:notice] [pid 1] AH00163: Apache/2.4.38 (Debian) PHP/7.4.2 configured -- resuming normal operations
[Wed May 12 05:02:50.536037 2021] [core:notice] [pid 1] AH00094: Command line: 'apache2 -D FOREGROUND'
[Wed May 12 05:03:01.922998 2021] [autoindex:error] [pid 18] [client 172.18.0.1:59538] AH01276: Cannot serve directory /var/www/html/app/: No matching DirectoryIndex (index.php,index.html) found, and server-generated directory index forbidden by Options directive
[Wed May 12 05:03:02.831683 2021] [autoindex:error] [pid 18] [client 172.18.0.1:59538] AH01276: Cannot serve directory /var/www/html/app/: No matching DirectoryIndex (index.php,index.html) found, and server-generated directory index forbidden by Options directive
[Wed May 12 05:03:03.140393 2021] [autoindex:error] [pid 18] [client 172.18.0.1:59538] AH01276: Cannot serve directory /var/www/html/app/: No matching DirectoryIndex (index.php,index.html) found, and server-generated directory index forbidden by Options directive
[Wed May 12 05:03:03.323281 2021] [autoindex:error] [pid 18] [client 172.18.0.1:59538] AH01276: Cannot serve directory /var/www/html/app/: No matching DirectoryIndex (index.php,index.html) found, and server-generated directory index forbidden by Options directive
[Wed May 12 05:03:03.505735 2021] [autoindex:error] [pid 18] [client 172.18.0.1:59538] AH01276: Cannot serve directory /var/www/html/app/: No matching DirectoryIndex (index.php,index.html) found, and server-generated directory index forbidden by Options directive
[Wed May 12 05:03:08.011810 2021] [autoindex:error] [pid 18] [client 172.18.0.1:59538] AH01276: Cannot serve directory /var/www/html/app/03/: No matching DirectoryIndex (index.php,index.html) found, and server-generated directory index forbidden by Options directive
[Wed May 12 05:04:00.800807 2021] [php7:error] [pid 21] [client 172.18.0.1:59564] script '/var/www/html/app/03/webt1_03_02.php' not found or unable to stat
[Mon May 17 09:48:04.679240 2021] [autoindex:error] [pid 28] [client 172.18.0.1:62928] AH01276: Cannot serve directory /var/www/html/archives/api/: No matching DirectoryIndex (index.php,index.html) found, and server-generated directory index forbidden by Options directive
[Mon May 17 10:28:17.603823 2021] [mpm_prefork:notice] [pid 1] AH00170: caught SIGWINCH, shutting down gracefully
AH00558: apache2: Could not reliably determine the server's fully qualified domain name, using 172.18.0.3. Set the 'ServerName' directive globally to suppress this message
[Mon May 17 10:28:33.479984 2021] [mpm_prefork:notice] [pid 1] AH00163: Apache/2.4.38 (Debian) PHP/7.4.2 configured -- resuming normal operations
[Mon May 17 10:28:33.480966 2021] [core:notice] [pid 1] AH00094: Command line: 'apache2 -D FOREGROUND'
AH00558: apache2: Could not reliably determine the server's fully qualified domain name, using 172.18.0.3. Set the 'ServerName' directive globally to suppress this message
[Tue May 18 06:50:08.644368 2021] [mpm_prefork:notice] [pid 1] AH00163: Apache/2.4.38 (Debian) PHP/7.4.2 configured -- resuming normal operations
[Tue May 18 06:50:08.645185 2021] [core:notice] [pid 1] AH00094: Command line: 'apache2 -D FOREGROUND'
AH00558: apache2: Could not reliably determine the server's fully qualified domain name, using 172.18.0.3. Set the 'ServerName' directive globally to suppress this message
[Thu May 27 00:33:03.467786 2021] [mpm_prefork:notice] [pid 1] AH00163: Apache/2.4.38 (Debian) PHP/7.4.2 configured -- resuming normal operations
[Thu May 27 00:33:03.468389 2021] [core:notice] [pid 1] AH00094: Command line: 'apache2 -D FOREGROUND'
AH00558: apache2: Could not reliably determine the server's fully qualified domain name, using 172.18.0.3. Set the 'ServerName' directive globally to suppress this message
[Mon May 31 06:54:32.945936 2021] [mpm_prefork:notice] [pid 1] AH00163: Apache/2.4.38 (Debian) PHP/7.4.2 configured -- resuming normal operations
[Mon May 31 06:54:32.946768 2021] [core:notice] [pid 1] AH00094: Command line: 'apache2 -D FOREGROUND'
AH00558: apache2: Could not reliably determine the server's fully qualified domain name, using 172.18.0.3. Set the 'ServerName' directive globally to suppress this message
[Wed Jun 02 00:40:19.218556 2021] [mpm_prefork:notice] [pid 1] AH00163: Apache/2.4.38 (Debian) PHP/7.4.2 configured -- resuming normal operations
[Wed Jun 02 00:40:19.219320 2021] [core:notice] [pid 1] AH00094: Command line: 'apache2 -D FOREGROUND'
[Wed Jun 02 00:41:07.084113 2021] [mpm_prefork:notice] [pid 1] AH00170: caught SIGWINCH, shutting down gracefully
AH00558: apache2: Could not reliably determine the server's fully qualified domain name, using 172.18.0.3. Set the 'ServerName' directive globally to suppress this message
[Mon Jun 07 02:47:54.961471 2021] [mpm_prefork:notice] [pid 1] AH00163: Apache/2.4.38 (Debian) PHP/7.4.2 configured -- resuming normal operations
[Mon Jun 07 02:47:54.962424 2021] [core:notice] [pid 1] AH00094: Command line: 'apache2 -D FOREGROUND'
AH00558: apache2: Could not reliably determine the server's fully qualified domain name, using 172.18.0.3. Set the 'ServerName' directive globally to suppress this message
[Mon Jun 07 06:16:50.965537 2021] [mpm_prefork:notice] [pid 1] AH00163: Apache/2.4.38 (Debian) PHP/7.4.2 configured -- resuming normal operations
[Mon Jun 07 06:16:50.966199 2021] [core:notice] [pid 1] AH00094: Command line: 'apache2 -D FOREGROUND'
[Thu Jun 10 09:35:14.922943 2021] [mpm_prefork:notice] [pid 1] AH00170: caught SIGWINCH, shutting down gracefully
AH00558: apache2: Could not reliably determine the server's fully qualified domain name, using 172.18.0.2. Set the 'ServerName' directive globally to suppress this message
[Thu Jun 10 09:35:37.329810 2021] [mpm_prefork:notice] [pid 1] AH00163: Apache/2.4.38 (Debian) PHP/7.4.2 configured -- resuming normal operations
[Thu Jun 10 09:35:37.330813 2021] [core:notice] [pid 1] AH00094: Command line: 'apache2 -D FOREGROUND'
AH00558: apache2: Could not reliably determine the server's fully qualified domain name, using 172.18.0.3. Set the 'ServerName' directive globally to suppress this message
[Fri Jun 11 04:52:36.742298 2021] [mpm_prefork:notice] [pid 1] AH00163: Apache/2.4.38 (Debian) PHP/7.4.2 configured -- resuming normal operations
[Fri Jun 11 04:52:36.763692 2021] [core:notice] [pid 1] AH00094: Command line: 'apache2 -D FOREGROUND'
AH00558: apache2: Could not reliably determine the server's fully qualified domain name, using 172.18.0.3. Set the 'ServerName' directive globally to suppress this message
[Sun Jun 13 23:55:41.286771 2021] [mpm_prefork:notice] [pid 1] AH00163: Apache/2.4.38 (Debian) PHP/7.4.2 configured -- resuming normal operations
[Sun Jun 13 23:55:41.306741 2021] [core:notice] [pid 1] AH00094: Command line: 'apache2 -D FOREGROUND'
AH00558: apache2: Could not reliably determine the server's fully qualified domain name, using 172.18.0.3. Set the 'ServerName' directive globally to suppress this message
[Tue Jun 15 07:39:25.875160 2021] [mpm_prefork:notice] [pid 1] AH00163: Apache/2.4.38 (Debian) PHP/7.4.2 configured -- resuming normal operations
[Tue Jun 15 07:39:25.876084 2021] [core:notice] [pid 1] AH00094: Command line: 'apache2 -D FOREGROUND'
AH00558: apache2: Could not reliably determine the server's fully qualified domain name, using 172.18.0.3. Set the 'ServerName' directive globally to suppress this message
[Wed Jun 16 07:36:44.589251 2021] [mpm_prefork:notice] [pid 1] AH00163: Apache/2.4.38 (Debian) PHP/7.4.2 configured -- resuming normal operations
[Wed Jun 16 07:36:44.605280 2021] [core:notice] [pid 1] AH00094: Command line: 'apache2 -D FOREGROUND'
AH00558: apache2: Could not reliably determine the server's fully qualified domain name, using 172.18.0.3. Set the 'ServerName' directive globally to suppress this message
[Tue Jun 22 04:34:53.174111 2021] [mpm_prefork:notice] [pid 1] AH00163: Apache/2.4.38 (Debian) PHP/7.4.2 configured -- resuming normal operations
[Tue Jun 22 04:34:53.174829 2021] [core:notice] [pid 1] AH00094: Command line: 'apache2 -D FOREGROUND'
[Tue Jun 29 05:21:26.614021 2021] [php7:error] [pid 24] [client 172.18.0.1:64814] script '/var/www/html/archives/admin/user/update.php' not found or unable to stat, referer: http://localhost/archives/admin/user/
[Tue Jun 29 05:21:32.141664 2021] [php7:error] [pid 22] [client 172.18.0.1:64820] script '/var/www/html/archives/admin/user/detail.php' not found or unable to stat, referer: http://localhost/archives/admin/user/
[Thu Jul 01 08:21:57.434644 2021] [php7:error] [pid 19] [client 172.18.0.1:59300] script '/var/www/html/archives/admin/user/update.php' not found or unable to stat, referer: http://localhost/archives/admin/user/
[Mon Jul 05 10:36:11.089432 2021] [php7:error] [pid 26] [client 172.18.0.1:64310] script '/var/www/html/archives/admin/user/update.php' not found or unable to stat, referer: http://localhost/archives/admin/user/
[Mon Jul 05 10:36:13.236667 2021] [php7:error] [pid 26] [client 172.18.0.1:64310] script '/var/www/html/archives/admin/user/detail.php' not found or unable to stat, referer: http://localhost/archives/admin/user/
[Fri Jul 09 10:42:24.721089 2021] [php7:error] [pid 32] [client 172.18.0.1:58638] script '/var/www/html/archives/admin/user/detail.php' not found or unable to stat, referer: http://localhost/archives/admin/user/
[Fri Jul 09 11:13:58.487237 2021] [php7:error] [pid 23] [client 172.18.0.1:59572] script '/var/www/html/archives/admin/user/detail.php' not found or unable to stat, referer: http://localhost/archives/admin/user/
[Fri Jul 09 11:14:02.417465 2021] [php7:error] [pid 23] [client 172.18.0.1:59572] script '/var/www/html/archives/admin/user/detail.php' not found or unable to stat, referer: http://localhost/archives/admin/user/
AH00558: apache2: Could not reliably determine the server's fully qualified domain name, using 172.18.0.3. Set the 'ServerName' directive globally to suppress this message
[Mon Jul 12 00:33:55.053836 2021] [mpm_prefork:notice] [pid 1] AH00163: Apache/2.4.38 (Debian) PHP/7.4.2 configured -- resuming normal operations
[Mon Jul 12 00:33:55.056894 2021] [core:notice] [pid 1] AH00094: Command line: 'apache2 -D FOREGROUND'
[Wed Jul 14 08:59:06.659237 2021] [php7:error] [pid 26] [client 172.18.0.1:56686] script '/var/www/html/archives/admin/create.php' not found or unable to stat, referer: http://localhost/archives/admin/product/create_team.php
[Wed Jul 14 14:36:03.611439 2021] [php7:error] [pid 26] [client 172.18.0.1:58430] script '/var/www/html/archives/admin/create.php' not found or unable to stat
AH00558: apache2: Could not reliably determine the server's fully qualified domain name, using 172.18.0.2. Set the 'ServerName' directive globally to suppress this message
[Mon Jul 19 00:35:37.100592 2021] [mpm_prefork:notice] [pid 1] AH00163: Apache/2.4.38 (Debian) PHP/7.4.2 configured -- resuming normal operations
[Mon Jul 19 00:35:37.106837 2021] [core:notice] [pid 1] AH00094: Command line: 'apache2 -D FOREGROUND'
AH00558: apache2: Could not reliably determine the server's fully qualified domain name, using 172.18.0.3. Set the 'ServerName' directive globally to suppress this message
[Wed Jul 21 02:00:12.187996 2021] [mpm_prefork:notice] [pid 1] AH00163: Apache/2.4.38 (Debian) PHP/7.4.2 configured -- resuming normal operations
[Wed Jul 21 02:00:12.188627 2021] [core:notice] [pid 1] AH00094: Command line: 'apache2 -D FOREGROUND'
[Wed Jul 21 02:53:00.196756 2021] [autoindex:error] [pid 18] [client 172.18.0.1:57552] AH01276: Cannot serve directory /var/www/html/php/: No matching DirectoryIndex (index.php,index.html) found, and server-generated directory index forbidden by Options directive
AH00558: apache2: Could not reliably determine the server's fully qualified domain name, using 172.18.0.3. Set the 'ServerName' directive globally to suppress this message
[Wed Jul 21 05:16:09.315187 2021] [mpm_prefork:notice] [pid 1] AH00163: Apache/2.4.38 (Debian) PHP/7.4.2 configured -- resuming normal operations
[Wed Jul 21 05:16:09.316045 2021] [core:notice] [pid 1] AH00094: Command line: 'apache2 -D FOREGROUND'
AH00558: apache2: Could not reliably determine the server's fully qualified domain name, using 172.18.0.3. Set the 'ServerName' directive globally to suppress this message
[Wed Jul 28 02:33:30.760962 2021] [mpm_prefork:notice] [pid 1] AH00163: Apache/2.4.38 (Debian) PHP/7.4.2 configured -- resuming normal operations
[Wed Jul 28 02:33:30.761840 2021] [core:notice] [pid 1] AH00094: Command line: 'apache2 -D FOREGROUND'
[Tue Aug 03 05:19:57.389488 2021] [php7:notice] [pid 18] [client 172.18.0.1:65212] WordPress \xe3\x83\x87\xe3\x83\xbc\xe3\x82\xbf\xe3\x83\x99\xe3\x83\xbc\xe3\x82\xb9\xe3\x82\xa8\xe3\x83\xa9\xe3\x83\xbc: Table 'stock.wp_options' doesn't exist for query INSERT INTO `wp_options` (`option_name`, `option_value`, `autoload`) VALUES ('nonce_key', 'U.BewxXcLALA|=l8i2Py#+hI!bpQei/o/Ob|, `9O^]KKC:;8}8@H?bpz* 2?<n<', 'no') ON DUPLICATE KEY UPDATE `option_name` = VALUES(`option_name`), `option_value` = VALUES(`option_value`), `autoload` = VALUES(`autoload`) made by wp_print_scripts, wp_scripts, WP_Scripts->__construct, WP_Scripts->init, do_action_ref_array('wp_default_scripts'), WP_Hook->do_action, WP_Hook->apply_filters, wp_default_scripts, wp_create_nonce, wp_hash, wp_salt, update_site_option, update_network_option, add_network_option, add_option
[Tue Aug 03 05:19:57.408518 2021] [php7:notice] [pid 18] [client 172.18.0.1:65212] WordPress \xe3\x83\x87\xe3\x83\xbc\xe3\x82\xbf\xe3\x83\x99\xe3\x83\xbc\xe3\x82\xb9\xe3\x82\xa8\xe3\x83\xa9\xe3\x83\xbc: Table 'stock.wp_options' doesn't exist for query INSERT INTO `wp_options` (`option_name`, `option_value`, `autoload`) VALUES ('nonce_salt', '<>JVd,Yh<MUM(?jUbCy@v(z]AQA}yY,>Z7FY>Pjy!d@Tc@Aq|a/`!z6;1?(wK.-2', 'no') ON DUPLICATE KEY UPDATE `option_name` = VALUES(`option_name`), `option_value` = VALUES(`option_value`), `autoload` = VALUES(`autoload`) made by wp_print_scripts, wp_scripts, WP_Scripts->__construct, WP_Scripts->init, do_action_ref_array('wp_default_scripts'), WP_Hook->do_action, WP_Hook->apply_filters, wp_default_scripts, wp_create_nonce, wp_hash, wp_salt, update_site_option, update_network_option, add_network_option, add_option
AH00558: apache2: Could not reliably determine the server's fully qualified domain name, using 172.18.0.2. Set the 'ServerName' directive globally to suppress this message
[Thu Aug 05 00:27:52.672045 2021] [mpm_prefork:notice] [pid 1] AH00163: Apache/2.4.38 (Debian) PHP/7.4.2 configured -- resuming normal operations
[Thu Aug 05 00:27:52.673159 2021] [core:notice] [pid 1] AH00094: Command line: 'apache2 -D FOREGROUND'
[Thu Aug 12 10:25:58.474140 2021] [mpm_prefork:notice] [pid 1] AH00170: caught SIGWINCH, shutting down gracefully
AH00558: apache2: Could not reliably determine the server's fully qualified domain name, using 172.18.0.3. Set the 'ServerName' directive globally to suppress this message
[Mon Aug 16 07:24:38.009734 2021] [mpm_prefork:notice] [pid 1] AH00163: Apache/2.4.38 (Debian) PHP/7.4.2 configured -- resuming normal operations
[Mon Aug 16 07:24:38.010804 2021] [core:notice] [pid 1] AH00094: Command line: 'apache2 -D FOREGROUND'
AH00558: apache2: Could not reliably determine the server's fully qualified domain name, using 172.18.0.2. Set the 'ServerName' directive globally to suppress this message
[Sun Aug 29 13:56:50.798183 2021] [mpm_prefork:notice] [pid 1] AH00163: Apache/2.4.38 (Debian) PHP/7.4.2 configured -- resuming normal operations
[Sun Aug 29 13:56:50.799509 2021] [core:notice] [pid 1] AH00094: Command line: 'apache2 -D FOREGROUND'
AH00558: apache2: Could not reliably determine the server's fully qualified domain name, using 172.18.0.2. Set the 'ServerName' directive globally to suppress this message
[Sun Aug 29 14:15:00.821093 2021] [mpm_prefork:notice] [pid 1] AH00163: Apache/2.4.38 (Debian) PHP/7.4.2 configured -- resuming normal operations
[Sun Aug 29 14:15:00.822289 2021] [core:notice] [pid 1] AH00094: Command line: 'apache2 -D FOREGROUND'
[Sun Aug 29 14:25:52.798018 2021] [mpm_prefork:notice] [pid 1] AH00170: caught SIGWINCH, shutting down gracefully
AH00558: apache2: Could not reliably determine the server's fully qualified domain name, using 172.18.0.3. Set the 'ServerName' directive globally to suppress this message
[Sun Oct 24 15:02:40.729598 2021] [mpm_prefork:notice] [pid 1] AH00163: Apache/2.4.38 (Debian) PHP/7.4.2 configured -- resuming normal operations
[Sun Oct 24 15:02:40.730347 2021] [core:notice] [pid 1] AH00094: Command line: 'apache2 -D FOREGROUND'
[Sun Oct 24 15:18:56.103052 2021] [mpm_prefork:notice] [pid 1] AH00170: caught SIGWINCH, shutting down gracefully
AH00558: apache2: Could not reliably determine the server's fully qualified domain name, using 172.18.0.2. Set the 'ServerName' directive globally to suppress this message
[Sun Oct 24 15:19:09.005549 2021] [mpm_prefork:notice] [pid 1] AH00163: Apache/2.4.38 (Debian) PHP/7.4.2 configured -- resuming normal operations
[Sun Oct 24 15:19:09.006348 2021] [core:notice] [pid 1] AH00094: Command line: 'apache2 -D FOREGROUND'
[Sun Oct 24 15:21:38.867794 2021] [mpm_prefork:notice] [pid 1] AH00170: caught SIGWINCH, shutting down gracefully
AH00558: apache2: Could not reliably determine the server's fully qualified domain name, using 172.18.0.5. Set the 'ServerName' directive globally to suppress this message
[Sun Oct 24 15:26:48.555639 2021] [mpm_prefork:notice] [pid 1] AH00163: Apache/2.4.38 (Debian) PHP/7.4.2 configured -- resuming normal operations
[Sun Oct 24 15:26:48.556496 2021] [core:notice] [pid 1] AH00094: Command line: 'apache2 -D FOREGROUND'
[Sun Oct 24 15:27:30.405101 2021] [mpm_prefork:notice] [pid 1] AH00170: caught SIGWINCH, shutting down gracefully
AH00558: apache2: Could not reliably determine the server's fully qualified domain name, using 172.18.0.4. Set the 'ServerName' directive globally to suppress this message
[Sun Oct 24 15:27:41.250384 2021] [mpm_prefork:notice] [pid 1] AH00163: Apache/2.4.38 (Debian) PHP/7.4.2 configured -- resuming normal operations
[Sun Oct 24 15:27:41.251243 2021] [core:notice] [pid 1] AH00094: Command line: 'apache2 -D FOREGROUND'
[Sun Oct 24 15:27:54.252074 2021] [mpm_prefork:notice] [pid 1] AH00170: caught SIGWINCH, shutting down gracefully
AH00558: apache2: Could not reliably determine the server's fully qualified domain name, using 172.18.0.5. Set the 'ServerName' directive globally to suppress this message
[Sun Oct 24 15:28:53.455854 2021] [mpm_prefork:notice] [pid 1] AH00163: Apache/2.4.38 (Debian) PHP/7.4.2 configured -- resuming normal operations
[Sun Oct 24 15:28:53.456765 2021] [core:notice] [pid 1] AH00094: Command line: 'apache2 -D FOREGROUND'
[Sun Oct 24 15:36:00.217804 2021] [mpm_prefork:notice] [pid 1] AH00170: caught SIGWINCH, shutting down gracefully
AH00558: apache2: Could not reliably determine the server's fully qualified domain name, using 172.18.0.5. Set the 'ServerName' directive globally to suppress this message
[Tue Oct 26 01:27:29.662274 2021] [mpm_prefork:notice] [pid 1] AH00163: Apache/2.4.38 (Debian) PHP/7.4.2 configured -- resuming normal operations
[Tue Oct 26 01:27:29.663108 2021] [core:notice] [pid 1] AH00094: Command line: 'apache2 -D FOREGROUND'
[Tue Oct 26 01:27:37.978566 2021] [mpm_prefork:notice] [pid 1] AH00170: caught SIGWINCH, shutting down gracefully
AH00558: apache2: Could not reliably determine the server's fully qualified domain name, using 172.18.0.3. Set the 'ServerName' directive globally to suppress this message
[Thu Oct 28 03:23:13.959509 2021] [mpm_prefork:notice] [pid 1] AH00163: Apache/2.4.38 (Debian) PHP/7.4.2 configured -- resuming normal operations
[Thu Oct 28 03:23:13.961056 2021] [core:notice] [pid 1] AH00094: Command line: 'apache2 -D FOREGROUND'
[Thu Oct 28 03:29:38.837093 2021] [mpm_prefork:notice] [pid 1] AH00170: caught SIGWINCH, shutting down gracefully
AH00558: apache2: Could not reliably determine the server's fully qualified domain name, using 172.18.0.3. Set the 'ServerName' directive globally to suppress this message
[Mon Nov 01 05:45:45.840778 2021] [mpm_prefork:notice] [pid 1] AH00163: Apache/2.4.38 (Debian) PHP/7.4.2 configured -- resuming normal operations
[Mon Nov 01 05:45:45.888551 2021] [core:notice] [pid 1] AH00094: Command line: 'apache2 -D FOREGROUND'
[Mon Nov 01 07:04:57.168436 2021] [mpm_prefork:notice] [pid 1] AH00170: caught SIGWINCH, shutting down gracefully
AH00558: apache2: Could not reliably determine the server's fully qualified domain name, using 172.18.0.3. Set the 'ServerName' directive globally to suppress this message
[Sun Nov 07 23:53:52.691678 2021] [mpm_prefork:notice] [pid 1] AH00163: Apache/2.4.38 (Debian) PHP/7.4.2 configured -- resuming normal operations
[Sun Nov 07 23:53:52.692318 2021] [core:notice] [pid 1] AH00094: Command line: 'apache2 -D FOREGROUND'
AH00558: apache2: Could not reliably determine the server's fully qualified domain name, using 172.18.0.3. Set the 'ServerName' directive globally to suppress this message
[Mon Nov 08 00:01:37.988417 2021] [mpm_prefork:notice] [pid 1] AH00163: Apache/2.4.38 (Debian) PHP/7.4.2 configured -- resuming normal operations
[Mon Nov 08 00:01:37.989153 2021] [core:notice] [pid 1] AH00094: Command line: 'apache2 -D FOREGROUND'
AH00558: apache2: Could not reliably determine the server's fully qualified domain name, using 172.18.0.3. Set the 'ServerName' directive globally to suppress this message
[Wed Nov 10 01:45:31.714819 2021] [mpm_prefork:notice] [pid 1] AH00163: Apache/2.4.38 (Debian) PHP/7.4.2 configured -- resuming normal operations
[Wed Nov 10 01:45:31.715376 2021] [core:notice] [pid 1] AH00094: Command line: 'apache2 -D FOREGROUND'
[Wed Nov 10 01:45:39.690274 2021] [mpm_prefork:notice] [pid 1] AH00170: caught SIGWINCH, shutting down gracefully
AH00558: apache2: Could not reliably determine the server's fully qualified domain name, using 172.18.0.5. Set the 'ServerName' directive globally to suppress this message
[Tue Nov 16 08:27:28.478568 2021] [mpm_prefork:notice] [pid 1] AH00163: Apache/2.4.38 (Debian) PHP/7.4.2 configured -- resuming normal operations
[Tue Nov 16 08:27:28.479668 2021] [core:notice] [pid 1] AH00094: Command line: 'apache2 -D FOREGROUND'
[Tue Nov 16 08:27:58.734761 2021] [mpm_prefork:notice] [pid 1] AH00170: caught SIGWINCH, shutting down gracefully
AH00558: apache2: Could not reliably determine the server's fully qualified domain name, using 172.18.0.5. Set the 'ServerName' directive globally to suppress this message
[Tue Nov 16 08:28:44.546921 2021] [mpm_prefork:notice] [pid 1] AH00163: Apache/2.4.38 (Debian) PHP/7.4.2 configured -- resuming normal operations
[Tue Nov 16 08:28:44.547950 2021] [core:notice] [pid 1] AH00094: Command line: 'apache2 -D FOREGROUND'
[Tue Nov 16 08:29:16.523008 2021] [autoindex:error] [pid 20] [client 172.18.0.1:60254] AH01276: Cannot serve directory /var/www/html/app/: No matching DirectoryIndex (index.php,index.html) found, and server-generated directory index forbidden by Options directive
[Tue Nov 16 08:30:04.126971 2021] [mpm_prefork:notice] [pid 1] AH00170: caught SIGWINCH, shutting down gracefully
AH00558: apache2: Could not reliably determine the server's fully qualified domain name, using 172.18.0.5. Set the 'ServerName' directive globally to suppress this message
[Wed Jan 26 05:20:13.269939 2022] [mpm_prefork:notice] [pid 1] AH00163: Apache/2.4.38 (Debian) PHP/7.4.2 configured -- resuming normal operations
[Wed Jan 26 05:20:13.270946 2022] [core:notice] [pid 1] AH00094: Command line: 'apache2 -D FOREGROUND'
[Wed Jan 26 05:21:33.085204 2022] [autoindex:error] [pid 19] [client 172.18.0.1:58622] AH01276: Cannot serve directory /var/www/html/test/: No matching DirectoryIndex (index.php,index.html) found, and server-generated directory index forbidden by Options directive
[Wed Jan 26 05:23:43.568734 2022] [mpm_prefork:notice] [pid 1] AH00170: caught SIGWINCH, shutting down gracefully
AH00558: apache2: Could not reliably determine the server's fully qualified domain name, using 172.19.0.4. Set the 'ServerName' directive globally to suppress this message
[Wed Jan 26 05:23:49.870656 2022] [mpm_prefork:notice] [pid 1] AH00163: Apache/2.4.38 (Debian) PHP/7.4.2 configured -- resuming normal operations
[Wed Jan 26 05:23:49.871326 2022] [core:notice] [pid 1] AH00094: Command line: 'apache2 -D FOREGROUND'
[Wed Jan 26 05:55:05.696530 2022] [mpm_prefork:notice] [pid 1] AH00170: caught SIGWINCH, shutting down gracefully
AH00558: apache2: Could not reliably determine the server's fully qualified domain name, using 172.20.0.5. Set the 'ServerName' directive globally to suppress this message
[Wed Jan 26 08:20:50.799286 2022] [mpm_prefork:notice] [pid 1] AH00163: Apache/2.4.38 (Debian) PHP/7.4.2 configured -- resuming normal operations
[Wed Jan 26 08:20:50.799998 2022] [core:notice] [pid 1] AH00094: Command line: 'apache2 -D FOREGROUND'
[Wed Jan 26 08:21:58.405666 2022] [mpm_prefork:notice] [pid 1] AH00170: caught SIGWINCH, shutting down gracefully
AH00558: apache2: Could not reliably determine the server's fully qualified domain name, using 172.18.0.3. Set the 'ServerName' directive globally to suppress this message
[Tue Mar 01 07:22:22.102964 2022] [mpm_prefork:notice] [pid 1] AH00163: Apache/2.4.38 (Debian) PHP/7.4.2 configured -- resuming normal operations
[Tue Mar 01 07:22:22.103988 2022] [core:notice] [pid 1] AH00094: Command line: 'apache2 -D FOREGROUND'
[Tue Mar 01 07:26:00.228155 2022] [mpm_prefork:notice] [pid 1] AH00170: caught SIGWINCH, shutting down gracefully
AH00558: apache2: Could not reliably determine the server's fully qualified domain name, using 172.20.0.5. Set the 'ServerName' directive globally to suppress this message
[Tue Mar 01 07:27:56.482391 2022] [mpm_prefork:notice] [pid 1] AH00163: Apache/2.4.38 (Debian) PHP/7.4.2 configured -- resuming normal operations
[Tue Mar 01 07:27:56.483091 2022] [core:notice] [pid 1] AH00094: Command line: 'apache2 -D FOREGROUND'
sh: 1: Syntax error: redirection unexpected
sh: 1: Syntax error: end of file unexpected
sh: 1: Syntax error: redirection unexpected
sh: 1: Syntax error: end of file unexpected
sh: 1: Syntax error: redirection unexpected
sh: 1: Syntax error: end of file unexpected
sh: 1: Syntax error: redirection unexpected
sh: 1: Syntax error: end of file unexpected
sh: 1: Syntax error: redirection unexpected
sh: 1: Syntax error: end of file unexpected
sh: 1: Syntax error: redirection unexpected
sh: 1: Syntax error: end of file unexpected
sh: 1: Syntax error: redirection unexpected
sh: 1: Syntax error: end of file unexpected
sh: 1: Syntax error: end of file unexpected
sh: 1: Syntax error: end of file unexpected
[Tue Mar 01 09:23:49.125188 2022] [mpm_prefork:notice] [pid 1] AH00170: caught SIGWINCH, shutting down gracefully
AH00558: apache2: Could not reliably determine the server's fully qualified domain name, using 172.21.0.5. Set the 'ServerName' directive globally to suppress this message
[Tue Mar 01 11:49:58.619228 2022] [mpm_prefork:notice] [pid 1] AH00163: Apache/2.4.38 (Debian) PHP/7.4.2 configured -- resuming normal operations
[Tue Mar 01 11:49:58.619768 2022] [core:notice] [pid 1] AH00094: Command line: 'apache2 -D FOREGROUND'
[Tue Mar 01 13:56:32.519369 2022] [mpm_prefork:notice] [pid 1] AH00170: caught SIGWINCH, shutting down gracefully
AH00558: apache2: Could not reliably determine the server's fully qualified domain name, using 172.22.0.5. Set the 'ServerName' directive globally to suppress this message
[Wed Mar 02 01:04:51.216666 2022] [mpm_prefork:notice] [pid 1] AH00163: Apache/2.4.38 (Debian) PHP/7.4.2 configured -- resuming normal operations
[Wed Mar 02 01:04:51.217537 2022] [core:notice] [pid 1] AH00094: Command line: 'apache2 -D FOREGROUND'
[Wed Mar 02 03:18:06.842144 2022] [php7:error] [pid 21] [client 172.22.0.1:60430] script '/var/www/html/test/only_active_user.php' not found or unable to stat, referer: http://localhost/test/myfirstphp.php
sh: 1: MYSQL_USER: not found
sh: 1: MYSQL_USER: not found
sh: 1: MYSQL_USER: not found
